CRITICAL - 2022-06-30 13:04:04 --> Undefined variable: waktu
#0 C:\xampp\htdocs\pariwisata-lamongan\app\Views\main\acara.php(38): CodeIgniter\Debug\Exceptions->errorHandler(8, 'Undefined varia...', 'C:\\xampp\\htdocs...', 38, Array)
#1 C:\xampp\htdocs\pariwisata-lamongan\vendor\codeigniter4\framework\system\View\View.php(210): include('C:\\xampp\\htdocs...')
#2 C:\xampp\htdocs\pariwisata-lamongan\vendor\codeigniter4\framework\system\View\View.php(213): CodeIgniter\View\View->CodeIgniter\View\{closure}()
#3 C:\xampp\htdocs\pariwisata-lamongan\vendor\codeigniter4\framework\system\Common.php(1089): CodeIgniter\View\View->render('main/acara', Array, true)
#4 C:\xampp\htdocs\pariwisata-lamongan\app\Controllers\Dashboard.php(41): view('main/acara', Array)
#5 C:\xampp\htdocs\pariwisata-lamongan\vendor\codeigniter4\framework\system\CodeIgniter.php(832): App\Controllers\Dashboard->acara()
#6 C:\xampp\htdocs\pariwisata-lamongan\vendor\codeigniter4\framework\system\CodeIgniter.php(419): CodeIgniter\CodeIgniter->runController(Object(App\Controllers\Dashboard))
#7 C:\xampp\htdocs\pariwisata-lamongan\vendor\codeigniter4\framework\system\CodeIgniter.php(326): CodeIgniter\CodeIgniter->handleRequest(NULL, Object(Config\Cache), false)
#8 C:\xampp\htdocs\pariwisata-lamongan\public\index.php(37): CodeIgniter\CodeIgniter->run()
#9 C:\xampp\htdocs\pariwisata-lamongan\vendor\codeigniter4\framework\system\Commands\Server\rewrite.php(43): require_once('C:\\xampp\\htdocs...')
#10 {main}
CRITICAL - 2022-06-30 13:06:58 --> Undefined variable: waktu
#0 C:\xampp\htdocs\pariwisata-lamongan\app\Views\main\acara.php(38): CodeIgniter\Debug\Exceptions->errorHandler(8, 'Undefined varia...', 'C:\\xampp\\htdocs...', 38, Array)
#1 C:\xampp\htdocs\pariwisata-lamongan\vendor\codeigniter4\framework\system\View\View.php(210): include('C:\\xampp\\htdocs...')
#2 C:\xampp\htdocs\pariwisata-lamongan\vendor\codeigniter4\framework\system\View\View.php(213): CodeIgniter\View\View->CodeIgniter\View\{closure}()
#3 C:\xampp\htdocs\pariwisata-lamongan\vendor\codeigniter4\framework\system\Common.php(1089): CodeIgniter\View\View->render('main/acara', Array, true)
#4 C:\xampp\htdocs\pariwisata-lamongan\app\Controllers\Dashboard.php(41): view('main/acara', Array)
#5 C:\xampp\htdocs\pariwisata-lamongan\vendor\codeigniter4\framework\system\CodeIgniter.php(832): App\Controllers\Dashboard->acara()
#6 C:\xampp\htdocs\pariwisata-lamongan\vendor\codeigniter4\framework\system\CodeIgniter.php(419): CodeIgniter\CodeIgniter->runController(Object(App\Controllers\Dashboard))
#7 C:\xampp\htdocs\pariwisata-lamongan\vendor\codeigniter4\framework\system\CodeIgniter.php(326): CodeIgniter\CodeIgniter->handleRequest(NULL, Object(Config\Cache), false)
#8 C:\xampp\htdocs\pariwisata-lamongan\public\index.php(37): CodeIgniter\CodeIgniter->run()
#9 C:\xampp\htdocs\pariwisata-lamongan\vendor\codeigniter4\framework\system\Commands\Server\rewrite.php(43): require_once('C:\\xampp\\htdocs...')
#10 {main}
CRITICAL - 2022-06-30 14:13:14 --> Undefined variable: waktu
#0 C:\xampp\htdocs\pariwisata-lamongan\app\Views\main\acara.php(38): CodeIgniter\Debug\Exceptions->errorHandler(8, 'Undefined varia...', 'C:\\xampp\\htdocs...', 38, Array)
#1 C:\xampp\htdocs\pariwisata-lamongan\vendor\codeigniter4\framework\system\View\View.php(210): include('C:\\xampp\\htdocs...')
#2 C:\xampp\htdocs\pariwisata-lamongan\vendor\codeigniter4\framework\system\View\View.php(213): CodeIgniter\View\View->CodeIgniter\View\{closure}()
#3 C:\xampp\htdocs\pariwisata-lamongan\vendor\codeigniter4\framework\system\Common.php(1089): CodeIgniter\View\View->render('main/acara', Array, true)
#4 C:\xampp\htdocs\pariwisata-lamongan\app\Controllers\Dashboard.php(41): view('main/acara', Array)
#5 C:\xampp\htdocs\pariwisata-lamongan\vendor\codeigniter4\framework\system\CodeIgniter.php(832): App\Controllers\Dashboard->acara()
#6 C:\xampp\htdocs\pariwisata-lamongan\vendor\codeigniter4\framework\system\CodeIgniter.php(419): CodeIgniter\CodeIgniter->runController(Object(App\Controllers\Dashboard))
#7 C:\xampp\htdocs\pariwisata-lamongan\vendor\codeigniter4\framework\system\CodeIgniter.php(326): CodeIgniter\CodeIgniter->handleRequest(NULL, Object(Config\Cache), false)
#8 C:\xampp\htdocs\pariwisata-lamongan\public\index.php(37): CodeIgniter\CodeIgniter->run()
#9 C:\xampp\htdocs\pariwisata-lamongan\vendor\codeigniter4\framework\system\Commands\Server\rewrite.php(43): require_once('C:\\xampp\\htdocs...')
#10 {main}
CRITICAL - 2022-06-30 17:18:33 --> Undefined variable: waktu
#0 C:\xampp\htdocs\pariwisata-lamongan\app\Views\main\acara.php(39): CodeIgniter\Debug\Exceptions->errorHandler(8, 'Undefined varia...', 'C:\\xampp\\htdocs...', 39, Array)
#1 C:\xampp\htdocs\pariwisata-lamongan\vendor\codeigniter4\framework\system\View\View.php(210): include('C:\\xampp\\htdocs...')
#2 C:\xampp\htdocs\pariwisata-lamongan\vendor\codeigniter4\framework\system\View\View.php(213): CodeIgniter\View\View->CodeIgniter\View\{closure}()
#3 C:\xampp\htdocs\pariwisata-lamongan\vendor\codeigniter4\framework\system\Common.php(1089): CodeIgniter\View\View->render('main/acara', Array, true)
#4 C:\xampp\htdocs\pariwisata-lamongan\app\Controllers\Dashboard.php(41): view('main/acara', Array)
#5 C:\xampp\htdocs\pariwisata-lamongan\vendor\codeigniter4\framework\system\CodeIgniter.php(832): App\Controllers\Dashboard->acara()
#6 C:\xampp\htdocs\pariwisata-lamongan\vendor\codeigniter4\framework\system\CodeIgniter.php(419): CodeIgniter\CodeIgniter->runController(Object(App\Controllers\Dashboard))
#7 C:\xampp\htdocs\pariwisata-lamongan\vendor\codeigniter4\framework\system\CodeIgniter.php(326): CodeIgniter\CodeIgniter->handleRequest(NULL, Object(Config\Cache), false)
#8 C:\xampp\htdocs\pariwisata-lamongan\public\index.php(37): CodeIgniter\CodeIgniter->run()
#9 C:\xampp\htdocs\pariwisata-lamongan\vendor\codeigniter4\framework\system\Commands\Server\rewrite.php(43): require_once('C:\\xampp\\htdocs...')
#10 {main}
CRITICAL - 2022-06-30 17:20:55 --> Undefined offset: 2
#0 C:\xampp\htdocs\pariwisata-lamongan\app\Views\main\acara.php(22): CodeIgniter\Debug\Exceptions->errorHandler(8, 'Undefined offse...', 'C:\\xampp\\htdocs...', 22, Array)
#1 C:\xampp\htdocs\pariwisata-lamongan\app\Views\main\acara.php(57): tgl_indo('')
#2 C:\xampp\htdocs\pariwisata-lamongan\vendor\codeigniter4\framework\system\View\View.php(210): include('C:\\xampp\\htdocs...')
#3 C:\xampp\htdocs\pariwisata-lamongan\vendor\codeigniter4\framework\system\View\View.php(213): CodeIgniter\View\View->CodeIgniter\View\{closure}()
#4 C:\xampp\htdocs\pariwisata-lamongan\vendor\codeigniter4\framework\system\Common.php(1089): CodeIgniter\View\View->render('main/acara', Array, true)
#5 C:\xampp\htdocs\pariwisata-lamongan\app\Controllers\Dashboard.php(41): view('main/acara', Array)
#6 C:\xampp\htdocs\pariwisata-lamongan\vendor\codeigniter4\framework\system\CodeIgniter.php(832): App\Controllers\Dashboard->acara()
#7 C:\xampp\htdocs\pariwisata-lamongan\vendor\codeigniter4\framework\system\CodeIgniter.php(419): CodeIgniter\CodeIgniter->runController(Object(App\Controllers\Dashboard))
#8 C:\xampp\htdocs\pariwisata-lamongan\vendor\codeigniter4\framework\system\CodeIgniter.php(326): CodeIgniter\CodeIgniter->handleRequest(NULL, Object(Config\Cache), false)
#9 C:\xampp\htdocs\pariwisata-lamongan\public\index.php(37): CodeIgniter\CodeIgniter->run()
#10 C:\xampp\htdocs\pariwisata-lamongan\vendor\codeigniter4\framework\system\Commands\Server\rewrite.php(43): require_once('C:\\xampp\\htdocs...')
#11 {main}
CRITICAL - 2022-06-30 23:47:44 --> Undefined offset: 2
#0 C:\xampp\htdocs\pariwisata-lamongan\app\Views\main\acara.php(22): CodeIgniter\Debug\Exceptions->errorHandler(8, 'Undefined offse...', 'C:\\xampp\\htdocs...', 22, Array)
#1 C:\xampp\htdocs\pariwisata-lamongan\app\Views\main\acara.php(57): tgl_indo('')
#2 C:\xampp\htdocs\pariwisata-lamongan\vendor\codeigniter4\framework\system\View\View.php(210): include('C:\\xampp\\htdocs...')
#3 C:\xampp\htdocs\pariwisata-lamongan\vendor\codeigniter4\framework\system\View\View.php(213): CodeIgniter\View\View->CodeIgniter\View\{closure}()
#4 C:\xampp\htdocs\pariwisata-lamongan\vendor\codeigniter4\framework\system\Common.php(1089): CodeIgniter\View\View->render('main/acara', Array, true)
#5 C:\xampp\htdocs\pariwisata-lamongan\app\Controllers\Dashboard.php(41): view('main/acara', Array)
#6 C:\xampp\htdocs\pariwisata-lamongan\vendor\codeigniter4\framework\system\CodeIgniter.php(832): App\Controllers\Dashboard->acara()
#7 C:\xampp\htdocs\pariwisata-lamongan\vendor\codeigniter4\framework\system\CodeIgniter.php(419): CodeIgniter\CodeIgniter->runController(Object(App\Controllers\Dashboard))
#8 C:\xampp\htdocs\pariwisata-lamongan\vendor\codeigniter4\framework\system\CodeIgniter.php(326): CodeIgniter\CodeIgniter->handleRequest(NULL, Object(Config\Cache), false)
#9 C:\xampp\htdocs\pariwisata-lamongan\public\index.php(37): CodeIgniter\CodeIgniter->run()
#10 C:\xampp\htdocs\pariwisata-lamongan\vendor\codeigniter4\framework\system\Commands\Server\rewrite.php(43): require_once('C:\\xampp\\htdocs...')
#11 {main}
