CRITICAL - 2022-07-16 20:49:02 --> Undefined index: kategori_acara
#0 C:\xampp\htdocs\pariwisata-lamongan\app\Views\main\acara.php(40): CodeIgniter\Debug\Exceptions->errorHandler(8, 'Undefined index...', 'C:\\xampp\\htdocs...', 40, Array)
#1 C:\xampp\htdocs\pariwisata-lamongan\vendor\codeigniter4\framework\system\View\View.php(210): include('C:\\xampp\\htdocs...')
#2 C:\xampp\htdocs\pariwisata-lamongan\vendor\codeigniter4\framework\system\View\View.php(213): CodeIgniter\View\View->CodeIgniter\View\{closure}()
#3 C:\xampp\htdocs\pariwisata-lamongan\vendor\codeigniter4\framework\system\Common.php(1089): CodeIgniter\View\View->render('main/acara', Array, true)
#4 C:\xampp\htdocs\pariwisata-lamongan\app\Controllers\Dashboard.php(46): view('main/acara', Array)
#5 C:\xampp\htdocs\pariwisata-lamongan\vendor\codeigniter4\framework\system\CodeIgniter.php(832): App\Controllers\Dashboard->acara()
#6 C:\xampp\htdocs\pariwisata-lamongan\vendor\codeigniter4\framework\system\CodeIgniter.php(419): CodeIgniter\CodeIgniter->runController(Object(App\Controllers\Dashboard))
#7 C:\xampp\htdocs\pariwisata-lamongan\vendor\codeigniter4\framework\system\CodeIgniter.php(326): CodeIgniter\CodeIgniter->handleRequest(NULL, Object(Config\Cache), false)
#8 C:\xampp\htdocs\pariwisata-lamongan\public\index.php(37): CodeIgniter\CodeIgniter->run()
#9 C:\xampp\htdocs\pariwisata-lamongan\vendor\codeigniter4\framework\system\Commands\Server\rewrite.php(43): require_once('C:\\xampp\\htdocs...')
#10 {main}
CRITICAL - 2022-07-16 20:49:59 --> Call to undefined function form_open_multipart()
#0 C:\xampp\htdocs\pariwisata-lamongan\vendor\codeigniter4\framework\system\View\View.php(210): include()
#1 C:\xampp\htdocs\pariwisata-lamongan\vendor\codeigniter4\framework\system\View\View.php(213): CodeIgniter\View\View->CodeIgniter\View\{closure}()
#2 C:\xampp\htdocs\pariwisata-lamongan\vendor\codeigniter4\framework\system\Common.php(1089): CodeIgniter\View\View->render('main/acara', Array, true)
#3 C:\xampp\htdocs\pariwisata-lamongan\app\Controllers\Dashboard.php(46): view('main/acara', Array)
#4 C:\xampp\htdocs\pariwisata-lamongan\vendor\codeigniter4\framework\system\CodeIgniter.php(832): App\Controllers\Dashboard->acara()
#5 C:\xampp\htdocs\pariwisata-lamongan\vendor\codeigniter4\framework\system\CodeIgniter.php(419): CodeIgniter\CodeIgniter->runController(Object(App\Controllers\Dashboard))
#6 C:\xampp\htdocs\pariwisata-lamongan\vendor\codeigniter4\framework\system\CodeIgniter.php(326): CodeIgniter\CodeIgniter->handleRequest(NULL, Object(Config\Cache), false)
#7 C:\xampp\htdocs\pariwisata-lamongan\public\index.php(37): CodeIgniter\CodeIgniter->run()
#8 C:\xampp\htdocs\pariwisata-lamongan\vendor\codeigniter4\framework\system\Commands\Server\rewrite.php(43): require_once('C:\\xampp\\htdocs...')
#9 {main}
CRITICAL - 2022-07-16 21:06:33 --> Undefined property: App\Controllers\Dashboard::$validation
#0 C:\xampp\htdocs\pariwisata-lamongan\app\Controllers\Dashboard.php(221): CodeIgniter\Debug\Exceptions->errorHandler(8, 'Undefined prope...', 'C:\\xampp\\htdocs...', 221, Array)
#1 C:\xampp\htdocs\pariwisata-lamongan\vendor\codeigniter4\framework\system\CodeIgniter.php(832): App\Controllers\Dashboard->user_tambah_acara()
#2 C:\xampp\htdocs\pariwisata-lamongan\vendor\codeigniter4\framework\system\CodeIgniter.php(419): CodeIgniter\CodeIgniter->runController(Object(App\Controllers\Dashboard))
#3 C:\xampp\htdocs\pariwisata-lamongan\vendor\codeigniter4\framework\system\CodeIgniter.php(326): CodeIgniter\CodeIgniter->handleRequest(NULL, Object(Config\Cache), false)
#4 C:\xampp\htdocs\pariwisata-lamongan\public\index.php(37): CodeIgniter\CodeIgniter->run()
#5 C:\xampp\htdocs\pariwisata-lamongan\vendor\codeigniter4\framework\system\Commands\Server\rewrite.php(43): require_once('C:\\xampp\\htdocs...')
#6 {main}
