CRITICAL - 2022-07-07 07:33:19 --> Undefined variable: waktu
#0 C:\xampp\htdocs\pariwisata-lamongan\app\Views\main\acara.php(38): CodeIgniter\Debug\Exceptions->errorHandler(8, 'Undefined varia...', 'C:\\xampp\\htdocs...', 38, Array)
#1 C:\xampp\htdocs\pariwisata-lamongan\vendor\codeigniter4\framework\system\View\View.php(210): include('C:\\xampp\\htdocs...')
#2 C:\xampp\htdocs\pariwisata-lamongan\vendor\codeigniter4\framework\system\View\View.php(213): CodeIgniter\View\View->CodeIgniter\View\{closure}()
#3 C:\xampp\htdocs\pariwisata-lamongan\vendor\codeigniter4\framework\system\Common.php(1089): CodeIgniter\View\View->render('main/acara', Array, true)
#4 C:\xampp\htdocs\pariwisata-lamongan\app\Controllers\Dashboard.php(41): view('main/acara', Array)
#5 C:\xampp\htdocs\pariwisata-lamongan\vendor\codeigniter4\framework\system\CodeIgniter.php(832): App\Controllers\Dashboard->acara()
#6 C:\xampp\htdocs\pariwisata-lamongan\vendor\codeigniter4\framework\system\CodeIgniter.php(419): CodeIgniter\CodeIgniter->runController(Object(App\Controllers\Dashboard))
#7 C:\xampp\htdocs\pariwisata-lamongan\vendor\codeigniter4\framework\system\CodeIgniter.php(326): CodeIgniter\CodeIgniter->handleRequest(NULL, Object(Config\Cache), false)
#8 C:\xampp\htdocs\pariwisata-lamongan\public\index.php(37): CodeIgniter\CodeIgniter->run()
#9 C:\xampp\htdocs\pariwisata-lamongan\vendor\codeigniter4\framework\system\Commands\Server\rewrite.php(43): require_once('C:\\xampp\\htdocs...')
#10 {main}
CRITICAL - 2022-07-07 07:34:30 --> Trying to get property 'id_acara' of non-object
#0 C:\xampp\htdocs\pariwisata-lamongan\app\Controllers\Dashboard.php(106): CodeIgniter\Debug\Exceptions->errorHandler(8, 'Trying to get p...', 'C:\\xampp\\htdocs...', 106, Array)
#1 C:\xampp\htdocs\pariwisata-lamongan\vendor\codeigniter4\framework\system\CodeIgniter.php(832): App\Controllers\Dashboard->detail_acara('acara-tahunan')
#2 C:\xampp\htdocs\pariwisata-lamongan\vendor\codeigniter4\framework\system\CodeIgniter.php(419): CodeIgniter\CodeIgniter->runController(Object(App\Controllers\Dashboard))
#3 C:\xampp\htdocs\pariwisata-lamongan\vendor\codeigniter4\framework\system\CodeIgniter.php(326): CodeIgniter\CodeIgniter->handleRequest(NULL, Object(Config\Cache), false)
#4 C:\xampp\htdocs\pariwisata-lamongan\public\index.php(37): CodeIgniter\CodeIgniter->run()
#5 C:\xampp\htdocs\pariwisata-lamongan\vendor\codeigniter4\framework\system\Commands\Server\rewrite.php(43): require_once('C:\\xampp\\htdocs...')
#6 {main}
CRITICAL - 2022-07-07 07:35:33 --> Trying to access array offset on value of type null
#0 C:\xampp\htdocs\pariwisata-lamongan\app\Controllers\Dashboard.php(106): CodeIgniter\Debug\Exceptions->errorHandler(8, 'Trying to acces...', 'C:\\xampp\\htdocs...', 106, Array)
#1 C:\xampp\htdocs\pariwisata-lamongan\vendor\codeigniter4\framework\system\CodeIgniter.php(832): App\Controllers\Dashboard->detail_acara('acara-tahunan')
#2 C:\xampp\htdocs\pariwisata-lamongan\vendor\codeigniter4\framework\system\CodeIgniter.php(419): CodeIgniter\CodeIgniter->runController(Object(App\Controllers\Dashboard))
#3 C:\xampp\htdocs\pariwisata-lamongan\vendor\codeigniter4\framework\system\CodeIgniter.php(326): CodeIgniter\CodeIgniter->handleRequest(NULL, Object(Config\Cache), false)
#4 C:\xampp\htdocs\pariwisata-lamongan\public\index.php(37): CodeIgniter\CodeIgniter->run()
#5 C:\xampp\htdocs\pariwisata-lamongan\vendor\codeigniter4\framework\system\Commands\Server\rewrite.php(43): require_once('C:\\xampp\\htdocs...')
#6 {main}
ERROR - 2022-07-07 07:39:01 --> Unknown column 's1g_acara.slug' in 'where clause'
CRITICAL - 2022-07-07 07:39:01 --> Unknown column 's1g_acara.slug' in 'where clause'
#0 C:\xampp\htdocs\pariwisata-lamongan\vendor\codeigniter4\framework\system\Database\MySQLi\Connection.php(292): mysqli->query('SELECT *\nFROM `...', 0)
#1 C:\xampp\htdocs\pariwisata-lamongan\vendor\codeigniter4\framework\system\Database\BaseConnection.php(670): CodeIgniter\Database\MySQLi\Connection->execute('SELECT *\nFROM `...')
#2 C:\xampp\htdocs\pariwisata-lamongan\vendor\codeigniter4\framework\system\Database\BaseConnection.php(598): CodeIgniter\Database\BaseConnection->simpleQuery('SELECT *\nFROM `...')
#3 C:\xampp\htdocs\pariwisata-lamongan\vendor\codeigniter4\framework\system\Database\BaseBuilder.php(1455): CodeIgniter\Database\BaseConnection->query('SELECT *\nFROM `...', Array, false)
#4 C:\xampp\htdocs\pariwisata-lamongan\app\Models\ModelAcara.php(19): CodeIgniter\Database\BaseBuilder->get()
#5 C:\xampp\htdocs\pariwisata-lamongan\app\Controllers\Dashboard.php(105): App\Models\ModelAcara->list(Array)
#6 C:\xampp\htdocs\pariwisata-lamongan\vendor\codeigniter4\framework\system\CodeIgniter.php(832): App\Controllers\Dashboard->detail_acara('acara-tahunan')
#7 C:\xampp\htdocs\pariwisata-lamongan\vendor\codeigniter4\framework\system\CodeIgniter.php(419): CodeIgniter\CodeIgniter->runController(Object(App\Controllers\Dashboard))
#8 C:\xampp\htdocs\pariwisata-lamongan\vendor\codeigniter4\framework\system\CodeIgniter.php(326): CodeIgniter\CodeIgniter->handleRequest(NULL, Object(Config\Cache), false)
#9 C:\xampp\htdocs\pariwisata-lamongan\public\index.php(37): CodeIgniter\CodeIgniter->run()
#10 C:\xampp\htdocs\pariwisata-lamongan\vendor\codeigniter4\framework\system\Commands\Server\rewrite.php(43): require_once('C:\\xampp\\htdocs...')
#11 {main}
ERROR - 2022-07-07 07:39:20 --> Unknown column 's1g_acara.slug' in 'where clause'
CRITICAL - 2022-07-07 07:39:20 --> Unknown column 's1g_acara.slug' in 'where clause'
#0 C:\xampp\htdocs\pariwisata-lamongan\vendor\codeigniter4\framework\system\Database\MySQLi\Connection.php(292): mysqli->query('SELECT *\nFROM `...', 0)
#1 C:\xampp\htdocs\pariwisata-lamongan\vendor\codeigniter4\framework\system\Database\BaseConnection.php(670): CodeIgniter\Database\MySQLi\Connection->execute('SELECT *\nFROM `...')
#2 C:\xampp\htdocs\pariwisata-lamongan\vendor\codeigniter4\framework\system\Database\BaseConnection.php(598): CodeIgniter\Database\BaseConnection->simpleQuery('SELECT *\nFROM `...')
#3 C:\xampp\htdocs\pariwisata-lamongan\vendor\codeigniter4\framework\system\Database\BaseBuilder.php(1455): CodeIgniter\Database\BaseConnection->query('SELECT *\nFROM `...', Array, false)
#4 C:\xampp\htdocs\pariwisata-lamongan\app\Models\ModelAcara.php(19): CodeIgniter\Database\BaseBuilder->get()
#5 C:\xampp\htdocs\pariwisata-lamongan\app\Controllers\Dashboard.php(105): App\Models\ModelAcara->list(Array)
#6 C:\xampp\htdocs\pariwisata-lamongan\vendor\codeigniter4\framework\system\CodeIgniter.php(832): App\Controllers\Dashboard->detail_acara('makam-kelurahan...')
#7 C:\xampp\htdocs\pariwisata-lamongan\vendor\codeigniter4\framework\system\CodeIgniter.php(419): CodeIgniter\CodeIgniter->runController(Object(App\Controllers\Dashboard))
#8 C:\xampp\htdocs\pariwisata-lamongan\vendor\codeigniter4\framework\system\CodeIgniter.php(326): CodeIgniter\CodeIgniter->handleRequest(NULL, Object(Config\Cache), false)
#9 C:\xampp\htdocs\pariwisata-lamongan\public\index.php(37): CodeIgniter\CodeIgniter->run()
#10 C:\xampp\htdocs\pariwisata-lamongan\vendor\codeigniter4\framework\system\Commands\Server\rewrite.php(43): require_once('C:\\xampp\\htdocs...')
#11 {main}
ERROR - 2022-07-07 07:39:54 --> Unknown column 's1g_acara.slug' in 'where clause'
CRITICAL - 2022-07-07 07:39:54 --> Unknown column 's1g_acara.slug' in 'where clause'
#0 C:\xampp\htdocs\pariwisata-lamongan\vendor\codeigniter4\framework\system\Database\MySQLi\Connection.php(292): mysqli->query('SELECT *\nFROM `...', 0)
#1 C:\xampp\htdocs\pariwisata-lamongan\vendor\codeigniter4\framework\system\Database\BaseConnection.php(670): CodeIgniter\Database\MySQLi\Connection->execute('SELECT *\nFROM `...')
#2 C:\xampp\htdocs\pariwisata-lamongan\vendor\codeigniter4\framework\system\Database\BaseConnection.php(598): CodeIgniter\Database\BaseConnection->simpleQuery('SELECT *\nFROM `...')
#3 C:\xampp\htdocs\pariwisata-lamongan\vendor\codeigniter4\framework\system\Database\BaseBuilder.php(1455): CodeIgniter\Database\BaseConnection->query('SELECT *\nFROM `...', Array, false)
#4 C:\xampp\htdocs\pariwisata-lamongan\app\Models\ModelAcara.php(19): CodeIgniter\Database\BaseBuilder->get()
#5 C:\xampp\htdocs\pariwisata-lamongan\app\Controllers\Dashboard.php(105): App\Models\ModelAcara->list(Array)
#6 C:\xampp\htdocs\pariwisata-lamongan\vendor\codeigniter4\framework\system\CodeIgniter.php(832): App\Controllers\Dashboard->detail_acara('makam-kelurahan...')
#7 C:\xampp\htdocs\pariwisata-lamongan\vendor\codeigniter4\framework\system\CodeIgniter.php(419): CodeIgniter\CodeIgniter->runController(Object(App\Controllers\Dashboard))
#8 C:\xampp\htdocs\pariwisata-lamongan\vendor\codeigniter4\framework\system\CodeIgniter.php(326): CodeIgniter\CodeIgniter->handleRequest(NULL, Object(Config\Cache), false)
#9 C:\xampp\htdocs\pariwisata-lamongan\public\index.php(37): CodeIgniter\CodeIgniter->run()
#10 C:\xampp\htdocs\pariwisata-lamongan\vendor\codeigniter4\framework\system\Commands\Server\rewrite.php(43): require_once('C:\\xampp\\htdocs...')
#11 {main}
ERROR - 2022-07-07 07:39:56 --> Unknown column 'slug_acara' in 'where clause'
CRITICAL - 2022-07-07 07:39:56 --> Unknown column 'slug_acara' in 'where clause'
#0 C:\xampp\htdocs\pariwisata-lamongan\vendor\codeigniter4\framework\system\Database\MySQLi\Connection.php(292): mysqli->query('SELECT *\nFROM `...', 0)
#1 C:\xampp\htdocs\pariwisata-lamongan\vendor\codeigniter4\framework\system\Database\BaseConnection.php(670): CodeIgniter\Database\MySQLi\Connection->execute('SELECT *\nFROM `...')
#2 C:\xampp\htdocs\pariwisata-lamongan\vendor\codeigniter4\framework\system\Database\BaseConnection.php(598): CodeIgniter\Database\BaseConnection->simpleQuery('SELECT *\nFROM `...')
#3 C:\xampp\htdocs\pariwisata-lamongan\vendor\codeigniter4\framework\system\Database\BaseBuilder.php(1455): CodeIgniter\Database\BaseConnection->query('SELECT *\nFROM `...', Array, false)
#4 C:\xampp\htdocs\pariwisata-lamongan\vendor\codeigniter4\framework\system\Model.php(210): CodeIgniter\Database\BaseBuilder->get()
#5 C:\xampp\htdocs\pariwisata-lamongan\vendor\codeigniter4\framework\system\BaseModel.php(622): CodeIgniter\Model->doFirst()
#6 C:\xampp\htdocs\pariwisata-lamongan\app\Controllers\Dashboard.php(68): CodeIgniter\BaseModel->first()
#7 C:\xampp\htdocs\pariwisata-lamongan\vendor\codeigniter4\framework\system\CodeIgniter.php(832): App\Controllers\Dashboard->kategori_acara('acara-tahunan')
#8 C:\xampp\htdocs\pariwisata-lamongan\vendor\codeigniter4\framework\system\CodeIgniter.php(419): CodeIgniter\CodeIgniter->runController(Object(App\Controllers\Dashboard))
#9 C:\xampp\htdocs\pariwisata-lamongan\vendor\codeigniter4\framework\system\CodeIgniter.php(326): CodeIgniter\CodeIgniter->handleRequest(NULL, Object(Config\Cache), false)
#10 C:\xampp\htdocs\pariwisata-lamongan\public\index.php(37): CodeIgniter\CodeIgniter->run()
#11 C:\xampp\htdocs\pariwisata-lamongan\vendor\codeigniter4\framework\system\Commands\Server\rewrite.php(43): require_once('C:\\xampp\\htdocs...')
#12 {main}
ERROR - 2022-07-07 07:39:58 --> Unknown column 'slug_acara' in 'where clause'
CRITICAL - 2022-07-07 07:39:58 --> Unknown column 'slug_acara' in 'where clause'
#0 C:\xampp\htdocs\pariwisata-lamongan\vendor\codeigniter4\framework\system\Database\MySQLi\Connection.php(292): mysqli->query('SELECT *\nFROM `...', 0)
#1 C:\xampp\htdocs\pariwisata-lamongan\vendor\codeigniter4\framework\system\Database\BaseConnection.php(670): CodeIgniter\Database\MySQLi\Connection->execute('SELECT *\nFROM `...')
#2 C:\xampp\htdocs\pariwisata-lamongan\vendor\codeigniter4\framework\system\Database\BaseConnection.php(598): CodeIgniter\Database\BaseConnection->simpleQuery('SELECT *\nFROM `...')
#3 C:\xampp\htdocs\pariwisata-lamongan\vendor\codeigniter4\framework\system\Database\BaseBuilder.php(1455): CodeIgniter\Database\BaseConnection->query('SELECT *\nFROM `...', Array, false)
#4 C:\xampp\htdocs\pariwisata-lamongan\vendor\codeigniter4\framework\system\Model.php(210): CodeIgniter\Database\BaseBuilder->get()
#5 C:\xampp\htdocs\pariwisata-lamongan\vendor\codeigniter4\framework\system\BaseModel.php(622): CodeIgniter\Model->doFirst()
#6 C:\xampp\htdocs\pariwisata-lamongan\app\Controllers\Dashboard.php(68): CodeIgniter\BaseModel->first()
#7 C:\xampp\htdocs\pariwisata-lamongan\vendor\codeigniter4\framework\system\CodeIgniter.php(832): App\Controllers\Dashboard->kategori_acara('acara-tahunan')
#8 C:\xampp\htdocs\pariwisata-lamongan\vendor\codeigniter4\framework\system\CodeIgniter.php(419): CodeIgniter\CodeIgniter->runController(Object(App\Controllers\Dashboard))
#9 C:\xampp\htdocs\pariwisata-lamongan\vendor\codeigniter4\framework\system\CodeIgniter.php(326): CodeIgniter\CodeIgniter->handleRequest(NULL, Object(Config\Cache), false)
#10 C:\xampp\htdocs\pariwisata-lamongan\public\index.php(37): CodeIgniter\CodeIgniter->run()
#11 C:\xampp\htdocs\pariwisata-lamongan\vendor\codeigniter4\framework\system\Commands\Server\rewrite.php(43): require_once('C:\\xampp\\htdocs...')
#12 {main}
ERROR - 2022-07-07 07:40:04 --> Unknown column 'slug_acara' in 'where clause'
CRITICAL - 2022-07-07 07:40:04 --> Unknown column 'slug_acara' in 'where clause'
#0 C:\xampp\htdocs\pariwisata-lamongan\vendor\codeigniter4\framework\system\Database\MySQLi\Connection.php(292): mysqli->query('SELECT *\nFROM `...', 0)
#1 C:\xampp\htdocs\pariwisata-lamongan\vendor\codeigniter4\framework\system\Database\BaseConnection.php(670): CodeIgniter\Database\MySQLi\Connection->execute('SELECT *\nFROM `...')
#2 C:\xampp\htdocs\pariwisata-lamongan\vendor\codeigniter4\framework\system\Database\BaseConnection.php(598): CodeIgniter\Database\BaseConnection->simpleQuery('SELECT *\nFROM `...')
#3 C:\xampp\htdocs\pariwisata-lamongan\vendor\codeigniter4\framework\system\Database\BaseBuilder.php(1455): CodeIgniter\Database\BaseConnection->query('SELECT *\nFROM `...', Array, false)
#4 C:\xampp\htdocs\pariwisata-lamongan\vendor\codeigniter4\framework\system\Model.php(210): CodeIgniter\Database\BaseBuilder->get()
#5 C:\xampp\htdocs\pariwisata-lamongan\vendor\codeigniter4\framework\system\BaseModel.php(622): CodeIgniter\Model->doFirst()
#6 C:\xampp\htdocs\pariwisata-lamongan\app\Controllers\Dashboard.php(68): CodeIgniter\BaseModel->first()
#7 C:\xampp\htdocs\pariwisata-lamongan\vendor\codeigniter4\framework\system\CodeIgniter.php(832): App\Controllers\Dashboard->kategori_acara('acara-tahunan')
#8 C:\xampp\htdocs\pariwisata-lamongan\vendor\codeigniter4\framework\system\CodeIgniter.php(419): CodeIgniter\CodeIgniter->runController(Object(App\Controllers\Dashboard))
#9 C:\xampp\htdocs\pariwisata-lamongan\vendor\codeigniter4\framework\system\CodeIgniter.php(326): CodeIgniter\CodeIgniter->handleRequest(NULL, Object(Config\Cache), false)
#10 C:\xampp\htdocs\pariwisata-lamongan\public\index.php(37): CodeIgniter\CodeIgniter->run()
#11 C:\xampp\htdocs\pariwisata-lamongan\vendor\codeigniter4\framework\system\Commands\Server\rewrite.php(43): require_once('C:\\xampp\\htdocs...')
#12 {main}
CRITICAL - 2022-07-07 07:40:50 --> Undefined variable: waktu
#0 C:\xampp\htdocs\pariwisata-lamongan\app\Views\main\acara.php(38): CodeIgniter\Debug\Exceptions->errorHandler(8, 'Undefined varia...', 'C:\\xampp\\htdocs...', 38, Array)
#1 C:\xampp\htdocs\pariwisata-lamongan\vendor\codeigniter4\framework\system\View\View.php(210): include('C:\\xampp\\htdocs...')
#2 C:\xampp\htdocs\pariwisata-lamongan\vendor\codeigniter4\framework\system\View\View.php(213): CodeIgniter\View\View->CodeIgniter\View\{closure}()
#3 C:\xampp\htdocs\pariwisata-lamongan\vendor\codeigniter4\framework\system\Common.php(1089): CodeIgniter\View\View->render('main/acara', Array, true)
#4 C:\xampp\htdocs\pariwisata-lamongan\app\Controllers\Dashboard.php(71): view('main/acara', Array)
#5 C:\xampp\htdocs\pariwisata-lamongan\vendor\codeigniter4\framework\system\CodeIgniter.php(832): App\Controllers\Dashboard->kategori_acara('6')
#6 C:\xampp\htdocs\pariwisata-lamongan\vendor\codeigniter4\framework\system\CodeIgniter.php(419): CodeIgniter\CodeIgniter->runController(Object(App\Controllers\Dashboard))
#7 C:\xampp\htdocs\pariwisata-lamongan\vendor\codeigniter4\framework\system\CodeIgniter.php(326): CodeIgniter\CodeIgniter->handleRequest(NULL, Object(Config\Cache), false)
#8 C:\xampp\htdocs\pariwisata-lamongan\public\index.php(37): CodeIgniter\CodeIgniter->run()
#9 C:\xampp\htdocs\pariwisata-lamongan\vendor\codeigniter4\framework\system\Commands\Server\rewrite.php(43): require_once('C:\\xampp\\htdocs...')
#10 {main}
CRITICAL - 2022-07-07 07:42:42 --> Trying to get property 'gambar_pariwisata' of non-object
#0 C:\xampp\htdocs\pariwisata-lamongan\app\Views\main\detail_destinasi.php(23): CodeIgniter\Debug\Exceptions->errorHandler(8, 'Trying to get p...', 'C:\\xampp\\htdocs...', 23, Array)
#1 C:\xampp\htdocs\pariwisata-lamongan\vendor\codeigniter4\framework\system\View\View.php(210): include('C:\\xampp\\htdocs...')
#2 C:\xampp\htdocs\pariwisata-lamongan\vendor\codeigniter4\framework\system\View\View.php(213): CodeIgniter\View\View->CodeIgniter\View\{closure}()
#3 C:\xampp\htdocs\pariwisata-lamongan\vendor\codeigniter4\framework\system\Common.php(1089): CodeIgniter\View\View->render('main/detail_des...', Array, true)
#4 C:\xampp\htdocs\pariwisata-lamongan\app\Controllers\Dashboard.php(98): view('main/detail_des...', Array)
#5 C:\xampp\htdocs\pariwisata-lamongan\vendor\codeigniter4\framework\system\CodeIgniter.php(832): App\Controllers\Dashboard->detail_destinasi('kebun-kopi-dua-...')
#6 C:\xampp\htdocs\pariwisata-lamongan\vendor\codeigniter4\framework\system\CodeIgniter.php(419): CodeIgniter\CodeIgniter->runController(Object(App\Controllers\Dashboard))
#7 C:\xampp\htdocs\pariwisata-lamongan\vendor\codeigniter4\framework\system\CodeIgniter.php(326): CodeIgniter\CodeIgniter->handleRequest(NULL, Object(Config\Cache), false)
#8 C:\xampp\htdocs\pariwisata-lamongan\public\index.php(37): CodeIgniter\CodeIgniter->run()
#9 C:\xampp\htdocs\pariwisata-lamongan\vendor\codeigniter4\framework\system\Commands\Server\rewrite.php(43): require_once('C:\\xampp\\htdocs...')
#10 {main}
CRITICAL - 2022-07-07 07:43:01 --> Trying to get property 'gambar_pariwisata' of non-object
#0 C:\xampp\htdocs\pariwisata-lamongan\app\Views\main\detail_destinasi.php(23): CodeIgniter\Debug\Exceptions->errorHandler(8, 'Trying to get p...', 'C:\\xampp\\htdocs...', 23, Array)
#1 C:\xampp\htdocs\pariwisata-lamongan\vendor\codeigniter4\framework\system\View\View.php(210): include('C:\\xampp\\htdocs...')
#2 C:\xampp\htdocs\pariwisata-lamongan\vendor\codeigniter4\framework\system\View\View.php(213): CodeIgniter\View\View->CodeIgniter\View\{closure}()
#3 C:\xampp\htdocs\pariwisata-lamongan\vendor\codeigniter4\framework\system\Common.php(1089): CodeIgniter\View\View->render('main/detail_des...', Array, true)
#4 C:\xampp\htdocs\pariwisata-lamongan\app\Controllers\Dashboard.php(98): view('main/detail_des...', Array)
#5 C:\xampp\htdocs\pariwisata-lamongan\vendor\codeigniter4\framework\system\CodeIgniter.php(832): App\Controllers\Dashboard->detail_destinasi('kebun-kopi-dua-...')
#6 C:\xampp\htdocs\pariwisata-lamongan\vendor\codeigniter4\framework\system\CodeIgniter.php(419): CodeIgniter\CodeIgniter->runController(Object(App\Controllers\Dashboard))
#7 C:\xampp\htdocs\pariwisata-lamongan\vendor\codeigniter4\framework\system\CodeIgniter.php(326): CodeIgniter\CodeIgniter->handleRequest(NULL, Object(Config\Cache), false)
#8 C:\xampp\htdocs\pariwisata-lamongan\public\index.php(37): CodeIgniter\CodeIgniter->run()
#9 C:\xampp\htdocs\pariwisata-lamongan\vendor\codeigniter4\framework\system\Commands\Server\rewrite.php(43): require_once('C:\\xampp\\htdocs...')
#10 {main}
CRITICAL - 2022-07-07 07:46:15 --> Trying to get property 'gambar_pariwisata' of non-object
#0 C:\xampp\htdocs\pariwisata-lamongan\app\Views\main\detail_destinasi.php(23): CodeIgniter\Debug\Exceptions->errorHandler(8, 'Trying to get p...', 'C:\\xampp\\htdocs...', 23, Array)
#1 C:\xampp\htdocs\pariwisata-lamongan\vendor\codeigniter4\framework\system\View\View.php(210): include('C:\\xampp\\htdocs...')
#2 C:\xampp\htdocs\pariwisata-lamongan\vendor\codeigniter4\framework\system\View\View.php(213): CodeIgniter\View\View->CodeIgniter\View\{closure}()
#3 C:\xampp\htdocs\pariwisata-lamongan\vendor\codeigniter4\framework\system\Common.php(1089): CodeIgniter\View\View->render('main/detail_des...', Array, true)
#4 C:\xampp\htdocs\pariwisata-lamongan\app\Controllers\Dashboard.php(98): view('main/detail_des...', Array)
#5 C:\xampp\htdocs\pariwisata-lamongan\vendor\codeigniter4\framework\system\CodeIgniter.php(832): App\Controllers\Dashboard->detail_destinasi('kebun-kopi-dua-...')
#6 C:\xampp\htdocs\pariwisata-lamongan\vendor\codeigniter4\framework\system\CodeIgniter.php(419): CodeIgniter\CodeIgniter->runController(Object(App\Controllers\Dashboard))
#7 C:\xampp\htdocs\pariwisata-lamongan\vendor\codeigniter4\framework\system\CodeIgniter.php(326): CodeIgniter\CodeIgniter->handleRequest(NULL, Object(Config\Cache), false)
#8 C:\xampp\htdocs\pariwisata-lamongan\public\index.php(37): CodeIgniter\CodeIgniter->run()
#9 C:\xampp\htdocs\pariwisata-lamongan\vendor\codeigniter4\framework\system\Commands\Server\rewrite.php(43): require_once('C:\\xampp\\htdocs...')
#10 {main}
CRITICAL - 2022-07-07 07:48:48 --> Trying to get property 'id_pariwisata' of non-object
#0 C:\xampp\htdocs\pariwisata-lamongan\app\Controllers\Dashboard.php(92): CodeIgniter\Debug\Exceptions->errorHandler(8, 'Trying to get p...', 'C:\\xampp\\htdocs...', 92, Array)
#1 C:\xampp\htdocs\pariwisata-lamongan\vendor\codeigniter4\framework\system\CodeIgniter.php(832): App\Controllers\Dashboard->detail_destinasi('kebun-kopi-dua-...')
#2 C:\xampp\htdocs\pariwisata-lamongan\vendor\codeigniter4\framework\system\CodeIgniter.php(419): CodeIgniter\CodeIgniter->runController(Object(App\Controllers\Dashboard))
#3 C:\xampp\htdocs\pariwisata-lamongan\vendor\codeigniter4\framework\system\CodeIgniter.php(326): CodeIgniter\CodeIgniter->handleRequest(NULL, Object(Config\Cache), false)
#4 C:\xampp\htdocs\pariwisata-lamongan\public\index.php(37): CodeIgniter\CodeIgniter->run()
#5 C:\xampp\htdocs\pariwisata-lamongan\vendor\codeigniter4\framework\system\Commands\Server\rewrite.php(43): require_once('C:\\xampp\\htdocs...')
#6 {main}
CRITICAL - 2022-07-07 07:51:42 --> Trying to get property 'id_acara' of non-object
#0 C:\xampp\htdocs\pariwisata-lamongan\app\Controllers\Dashboard.php(109): CodeIgniter\Debug\Exceptions->errorHandler(8, 'Trying to get p...', 'C:\\xampp\\htdocs...', 109, Array)
#1 C:\xampp\htdocs\pariwisata-lamongan\vendor\codeigniter4\framework\system\CodeIgniter.php(832): App\Controllers\Dashboard->detail_acara('11')
#2 C:\xampp\htdocs\pariwisata-lamongan\vendor\codeigniter4\framework\system\CodeIgniter.php(419): CodeIgniter\CodeIgniter->runController(Object(App\Controllers\Dashboard))
#3 C:\xampp\htdocs\pariwisata-lamongan\vendor\codeigniter4\framework\system\CodeIgniter.php(326): CodeIgniter\CodeIgniter->handleRequest(NULL, Object(Config\Cache), false)
#4 C:\xampp\htdocs\pariwisata-lamongan\public\index.php(37): CodeIgniter\CodeIgniter->run()
#5 C:\xampp\htdocs\pariwisata-lamongan\vendor\codeigniter4\framework\system\Commands\Server\rewrite.php(43): require_once('C:\\xampp\\htdocs...')
#6 {main}
CRITICAL - 2022-07-07 07:52:16 --> Trying to get property 'id_acara' of non-object
#0 C:\xampp\htdocs\pariwisata-lamongan\app\Controllers\Dashboard.php(109): CodeIgniter\Debug\Exceptions->errorHandler(8, 'Trying to get p...', 'C:\\xampp\\htdocs...', 109, Array)
#1 C:\xampp\htdocs\pariwisata-lamongan\vendor\codeigniter4\framework\system\CodeIgniter.php(832): App\Controllers\Dashboard->detail_acara('11')
#2 C:\xampp\htdocs\pariwisata-lamongan\vendor\codeigniter4\framework\system\CodeIgniter.php(419): CodeIgniter\CodeIgniter->runController(Object(App\Controllers\Dashboard))
#3 C:\xampp\htdocs\pariwisata-lamongan\vendor\codeigniter4\framework\system\CodeIgniter.php(326): CodeIgniter\CodeIgniter->handleRequest(NULL, Object(Config\Cache), false)
#4 C:\xampp\htdocs\pariwisata-lamongan\public\index.php(37): CodeIgniter\CodeIgniter->run()
#5 C:\xampp\htdocs\pariwisata-lamongan\vendor\codeigniter4\framework\system\Commands\Server\rewrite.php(43): require_once('C:\\xampp\\htdocs...')
#6 {main}
