ERROR - 2022-06-29 20:23:26 --> Error connecting to the database: No connection could be made because the target machine actively refused it.

CRITICAL - 2022-06-29 20:23:26 --> Unable to connect to the database.
Main connection [MySQLi]: No connection could be made because the target machine actively refused it.

#0 C:\xampp\htdocs\pariwisata-lamongan\vendor\codeigniter4\framework\system\Database\BaseConnection.php(577): CodeIgniter\Database\BaseConnection->initialize()
#1 C:\xampp\htdocs\pariwisata-lamongan\vendor\codeigniter4\framework\system\Database\BaseBuilder.php(1455): CodeIgniter\Database\BaseConnection->query('SELECT *\nFROM `...', Array, false)
#2 C:\xampp\htdocs\pariwisata-lamongan\app\Models\PariwisataModel.php(22): CodeIgniter\Database\BaseBuilder->get()
#3 C:\xampp\htdocs\pariwisata-lamongan\app\Controllers\Dashboard.php(32): App\Models\PariwisataModel->get_wisata()
#4 C:\xampp\htdocs\pariwisata-lamongan\vendor\codeigniter4\framework\system\CodeIgniter.php(832): App\Controllers\Dashboard->index()
#5 C:\xampp\htdocs\pariwisata-lamongan\vendor\codeigniter4\framework\system\CodeIgniter.php(419): CodeIgniter\CodeIgniter->runController(Object(App\Controllers\Dashboard))
#6 C:\xampp\htdocs\pariwisata-lamongan\vendor\codeigniter4\framework\system\CodeIgniter.php(326): CodeIgniter\CodeIgniter->handleRequest(NULL, Object(Config\Cache), false)
#7 C:\xampp\htdocs\pariwisata-lamongan\public\index.php(37): CodeIgniter\CodeIgniter->run()
#8 C:\xampp\htdocs\pariwisata-lamongan\vendor\codeigniter4\framework\system\Commands\Server\rewrite.php(43): require_once('C:\\xampp\\htdocs...')
#9 {main}
CRITICAL - 2022-06-29 20:45:40 --> count(): Parameter must be an array or an object that implements Countable
#0 [internal function]: CodeIgniter\Debug\Exceptions->errorHandler(2, 'count(): Parame...', 'C:\\xampp\\htdocs...', 105, Array)
#1 C:\xampp\htdocs\pariwisata-lamongan\app\Controllers\Dashboard.php(105): count(Object(stdClass))
#2 C:\xampp\htdocs\pariwisata-lamongan\vendor\codeigniter4\framework\system\CodeIgniter.php(832): App\Controllers\Dashboard->detail_acara('1')
#3 C:\xampp\htdocs\pariwisata-lamongan\vendor\codeigniter4\framework\system\CodeIgniter.php(419): CodeIgniter\CodeIgniter->runController(Object(App\Controllers\Dashboard))
#4 C:\xampp\htdocs\pariwisata-lamongan\vendor\codeigniter4\framework\system\CodeIgniter.php(326): CodeIgniter\CodeIgniter->handleRequest(NULL, Object(Config\Cache), false)
#5 C:\xampp\htdocs\pariwisata-lamongan\public\index.php(37): CodeIgniter\CodeIgniter->run()
#6 C:\xampp\htdocs\pariwisata-lamongan\vendor\codeigniter4\framework\system\Commands\Server\rewrite.php(43): require_once('C:\\xampp\\htdocs...')
#7 {main}
CRITICAL - 2022-06-29 20:45:57 --> sizeof(): Parameter must be an array or an object that implements Countable
#0 [internal function]: CodeIgniter\Debug\Exceptions->errorHandler(2, 'sizeof(): Param...', 'C:\\xampp\\htdocs...', 105, Array)
#1 C:\xampp\htdocs\pariwisata-lamongan\app\Controllers\Dashboard.php(105): sizeof(Object(stdClass))
#2 C:\xampp\htdocs\pariwisata-lamongan\vendor\codeigniter4\framework\system\CodeIgniter.php(832): App\Controllers\Dashboard->detail_acara('1')
#3 C:\xampp\htdocs\pariwisata-lamongan\vendor\codeigniter4\framework\system\CodeIgniter.php(419): CodeIgniter\CodeIgniter->runController(Object(App\Controllers\Dashboard))
#4 C:\xampp\htdocs\pariwisata-lamongan\vendor\codeigniter4\framework\system\CodeIgniter.php(326): CodeIgniter\CodeIgniter->handleRequest(NULL, Object(Config\Cache), false)
#5 C:\xampp\htdocs\pariwisata-lamongan\public\index.php(37): CodeIgniter\CodeIgniter->run()
#6 C:\xampp\htdocs\pariwisata-lamongan\vendor\codeigniter4\framework\system\Commands\Server\rewrite.php(43): require_once('C:\\xampp\\htdocs...')
#7 {main}
CRITICAL - 2022-06-29 20:46:14 --> count(): Parameter must be an array or an object that implements Countable
#0 [internal function]: CodeIgniter\Debug\Exceptions->errorHandler(2, 'count(): Parame...', 'C:\\xampp\\htdocs...', 105, Array)
#1 C:\xampp\htdocs\pariwisata-lamongan\app\Controllers\Dashboard.php(105): count(Object(stdClass))
#2 C:\xampp\htdocs\pariwisata-lamongan\vendor\codeigniter4\framework\system\CodeIgniter.php(832): App\Controllers\Dashboard->detail_acara('1')
#3 C:\xampp\htdocs\pariwisata-lamongan\vendor\codeigniter4\framework\system\CodeIgniter.php(419): CodeIgniter\CodeIgniter->runController(Object(App\Controllers\Dashboard))
#4 C:\xampp\htdocs\pariwisata-lamongan\vendor\codeigniter4\framework\system\CodeIgniter.php(326): CodeIgniter\CodeIgniter->handleRequest(NULL, Object(Config\Cache), false)
#5 C:\xampp\htdocs\pariwisata-lamongan\public\index.php(37): CodeIgniter\CodeIgniter->run()
#6 C:\xampp\htdocs\pariwisata-lamongan\vendor\codeigniter4\framework\system\Commands\Server\rewrite.php(43): require_once('C:\\xampp\\htdocs...')
#7 {main}
CRITICAL - 2022-06-29 20:49:52 --> count(): Parameter must be an array or an object that implements Countable
#0 [internal function]: CodeIgniter\Debug\Exceptions->errorHandler(2, 'count(): Parame...', 'C:\\xampp\\htdocs...', 102, Array)
#1 C:\xampp\htdocs\pariwisata-lamongan\app\Controllers\Dashboard.php(102): count(Object(stdClass))
#2 C:\xampp\htdocs\pariwisata-lamongan\vendor\codeigniter4\framework\system\CodeIgniter.php(832): App\Controllers\Dashboard->detail_acara('1')
#3 C:\xampp\htdocs\pariwisata-lamongan\vendor\codeigniter4\framework\system\CodeIgniter.php(419): CodeIgniter\CodeIgniter->runController(Object(App\Controllers\Dashboard))
#4 C:\xampp\htdocs\pariwisata-lamongan\vendor\codeigniter4\framework\system\CodeIgniter.php(326): CodeIgniter\CodeIgniter->handleRequest(NULL, Object(Config\Cache), false)
#5 C:\xampp\htdocs\pariwisata-lamongan\public\index.php(37): CodeIgniter\CodeIgniter->run()
#6 C:\xampp\htdocs\pariwisata-lamongan\vendor\codeigniter4\framework\system\Commands\Server\rewrite.php(43): require_once('C:\\xampp\\htdocs...')
#7 {main}
CRITICAL - 2022-06-29 20:50:12 --> Object of class stdClass could not be converted to string
#0 C:\xampp\htdocs\pariwisata-lamongan\vendor\codeigniter4\framework\system\View\View.php(210): include()
#1 C:\xampp\htdocs\pariwisata-lamongan\vendor\codeigniter4\framework\system\View\View.php(213): CodeIgniter\View\View->CodeIgniter\View\{closure}()
#2 C:\xampp\htdocs\pariwisata-lamongan\vendor\codeigniter4\framework\system\Common.php(1089): CodeIgniter\View\View->render('main/detail_aca...', Array, true)
#3 C:\xampp\htdocs\pariwisata-lamongan\app\Controllers\Dashboard.php(113): view('main/detail_aca...', Array)
#4 C:\xampp\htdocs\pariwisata-lamongan\vendor\codeigniter4\framework\system\CodeIgniter.php(832): App\Controllers\Dashboard->detail_acara('1')
#5 C:\xampp\htdocs\pariwisata-lamongan\vendor\codeigniter4\framework\system\CodeIgniter.php(419): CodeIgniter\CodeIgniter->runController(Object(App\Controllers\Dashboard))
#6 C:\xampp\htdocs\pariwisata-lamongan\vendor\codeigniter4\framework\system\CodeIgniter.php(326): CodeIgniter\CodeIgniter->handleRequest(NULL, Object(Config\Cache), false)
#7 C:\xampp\htdocs\pariwisata-lamongan\public\index.php(37): CodeIgniter\CodeIgniter->run()
#8 C:\xampp\htdocs\pariwisata-lamongan\vendor\codeigniter4\framework\system\Commands\Server\rewrite.php(43): require_once('C:\\xampp\\htdocs...')
#9 {main}
CRITICAL - 2022-06-29 20:50:36 --> count(): Parameter must be an array or an object that implements Countable
#0 C:\xampp\htdocs\pariwisata-lamongan\app\Views\main\detail_acara.php(82): CodeIgniter\Debug\Exceptions->errorHandler(2, 'count(): Parame...', 'C:\\xampp\\htdocs...', 82, Array)
#1 C:\xampp\htdocs\pariwisata-lamongan\vendor\codeigniter4\framework\system\View\View.php(210): include('C:\\xampp\\htdocs...')
#2 C:\xampp\htdocs\pariwisata-lamongan\vendor\codeigniter4\framework\system\View\View.php(213): CodeIgniter\View\View->CodeIgniter\View\{closure}()
#3 C:\xampp\htdocs\pariwisata-lamongan\vendor\codeigniter4\framework\system\Common.php(1089): CodeIgniter\View\View->render('main/detail_aca...', Array, true)
#4 C:\xampp\htdocs\pariwisata-lamongan\app\Controllers\Dashboard.php(113): view('main/detail_aca...', Array)
#5 C:\xampp\htdocs\pariwisata-lamongan\vendor\codeigniter4\framework\system\CodeIgniter.php(832): App\Controllers\Dashboard->detail_acara('1')
#6 C:\xampp\htdocs\pariwisata-lamongan\vendor\codeigniter4\framework\system\CodeIgniter.php(419): CodeIgniter\CodeIgniter->runController(Object(App\Controllers\Dashboard))
#7 C:\xampp\htdocs\pariwisata-lamongan\vendor\codeigniter4\framework\system\CodeIgniter.php(326): CodeIgniter\CodeIgniter->handleRequest(NULL, Object(Config\Cache), false)
#8 C:\xampp\htdocs\pariwisata-lamongan\public\index.php(37): CodeIgniter\CodeIgniter->run()
#9 C:\xampp\htdocs\pariwisata-lamongan\vendor\codeigniter4\framework\system\Commands\Server\rewrite.php(43): require_once('C:\\xampp\\htdocs...')
#10 {main}
CRITICAL - 2022-06-29 20:52:26 --> count(): Parameter must be an array or an object that implements Countable
#0 C:\xampp\htdocs\pariwisata-lamongan\app\Views\main\detail_acara.php(82): CodeIgniter\Debug\Exceptions->errorHandler(2, 'count(): Parame...', 'C:\\xampp\\htdocs...', 82, Array)
#1 C:\xampp\htdocs\pariwisata-lamongan\vendor\codeigniter4\framework\system\View\View.php(210): include('C:\\xampp\\htdocs...')
#2 C:\xampp\htdocs\pariwisata-lamongan\vendor\codeigniter4\framework\system\View\View.php(213): CodeIgniter\View\View->CodeIgniter\View\{closure}()
#3 C:\xampp\htdocs\pariwisata-lamongan\vendor\codeigniter4\framework\system\Common.php(1089): CodeIgniter\View\View->render('main/detail_aca...', Array, true)
#4 C:\xampp\htdocs\pariwisata-lamongan\app\Controllers\Dashboard.php(113): view('main/detail_aca...', Array)
#5 C:\xampp\htdocs\pariwisata-lamongan\vendor\codeigniter4\framework\system\CodeIgniter.php(832): App\Controllers\Dashboard->detail_acara('1')
#6 C:\xampp\htdocs\pariwisata-lamongan\vendor\codeigniter4\framework\system\CodeIgniter.php(419): CodeIgniter\CodeIgniter->runController(Object(App\Controllers\Dashboard))
#7 C:\xampp\htdocs\pariwisata-lamongan\vendor\codeigniter4\framework\system\CodeIgniter.php(326): CodeIgniter\CodeIgniter->handleRequest(NULL, Object(Config\Cache), false)
#8 C:\xampp\htdocs\pariwisata-lamongan\public\index.php(37): CodeIgniter\CodeIgniter->run()
#9 C:\xampp\htdocs\pariwisata-lamongan\vendor\codeigniter4\framework\system\Commands\Server\rewrite.php(43): require_once('C:\\xampp\\htdocs...')
#10 {main}
CRITICAL - 2022-06-29 20:57:05 --> Trying to get property 'gambar_acara' of non-object
#0 C:\xampp\htdocs\pariwisata-lamongan\app\Views\main\acara.php(49): CodeIgniter\Debug\Exceptions->errorHandler(8, 'Trying to get p...', 'C:\\xampp\\htdocs...', 49, Array)
#1 C:\xampp\htdocs\pariwisata-lamongan\vendor\codeigniter4\framework\system\View\View.php(210): include('C:\\xampp\\htdocs...')
#2 C:\xampp\htdocs\pariwisata-lamongan\vendor\codeigniter4\framework\system\View\View.php(213): CodeIgniter\View\View->CodeIgniter\View\{closure}()
#3 C:\xampp\htdocs\pariwisata-lamongan\vendor\codeigniter4\framework\system\Common.php(1089): CodeIgniter\View\View->render('main/acara', Array, true)
#4 C:\xampp\htdocs\pariwisata-lamongan\app\Controllers\Dashboard.php(86): view('main/acara', Array)
#5 C:\xampp\htdocs\pariwisata-lamongan\vendor\codeigniter4\framework\system\CodeIgniter.php(832): App\Controllers\Dashboard->kategori_acara_kini()
#6 C:\xampp\htdocs\pariwisata-lamongan\vendor\codeigniter4\framework\system\CodeIgniter.php(419): CodeIgniter\CodeIgniter->runController(Object(App\Controllers\Dashboard))
#7 C:\xampp\htdocs\pariwisata-lamongan\vendor\codeigniter4\framework\system\CodeIgniter.php(326): CodeIgniter\CodeIgniter->handleRequest(NULL, Object(Config\Cache), false)
#8 C:\xampp\htdocs\pariwisata-lamongan\public\index.php(37): CodeIgniter\CodeIgniter->run()
#9 C:\xampp\htdocs\pariwisata-lamongan\vendor\codeigniter4\framework\system\Commands\Server\rewrite.php(43): require_once('C:\\xampp\\htdocs...')
#10 {main}
