CRITICAL - 2022-07-11 09:02:40 --> Trying to get property 'id_pariwisata' of non-object
#0 C:\xampp\htdocs\pariwisata-lamongan\app\Controllers\Dashboard.php(92): CodeIgniter\Debug\Exceptions->errorHandler(8, 'Trying to get p...', 'C:\\xampp\\htdocs...', 92, Array)
#1 C:\xampp\htdocs\pariwisata-lamongan\vendor\codeigniter4\framework\system\CodeIgniter.php(832): App\Controllers\Dashboard->detail_destinasi('47')
#2 C:\xampp\htdocs\pariwisata-lamongan\vendor\codeigniter4\framework\system\CodeIgniter.php(419): CodeIgniter\CodeIgniter->runController(Object(App\Controllers\Dashboard))
#3 C:\xampp\htdocs\pariwisata-lamongan\vendor\codeigniter4\framework\system\CodeIgniter.php(326): CodeIgniter\CodeIgniter->handleRequest(NULL, Object(Config\Cache), false)
#4 C:\xampp\htdocs\pariwisata-lamongan\public\index.php(37): CodeIgniter\CodeIgniter->run()
#5 C:\xampp\htdocs\pariwisata-lamongan\vendor\codeigniter4\framework\system\Commands\Server\rewrite.php(43): require_once('C:\\xampp\\htdocs...')
#6 {main}
CRITICAL - 2022-07-11 09:47:45 --> Trying to access array offset on value of type null
#0 C:\xampp\htdocs\pariwisata-lamongan\app\Controllers\Dashboard.php(183): CodeIgniter\Debug\Exceptions->errorHandler(8, 'Trying to acces...', 'C:\\xampp\\htdocs...', 183, Array)
#1 C:\xampp\htdocs\pariwisata-lamongan\vendor\codeigniter4\framework\system\CodeIgniter.php(832): App\Controllers\Dashboard->isi_komentar()
#2 C:\xampp\htdocs\pariwisata-lamongan\vendor\codeigniter4\framework\system\CodeIgniter.php(419): CodeIgniter\CodeIgniter->runController(Object(App\Controllers\Dashboard))
#3 C:\xampp\htdocs\pariwisata-lamongan\vendor\codeigniter4\framework\system\CodeIgniter.php(326): CodeIgniter\CodeIgniter->handleRequest(NULL, Object(Config\Cache), false)
#4 C:\xampp\htdocs\pariwisata-lamongan\public\index.php(37): CodeIgniter\CodeIgniter->run()
#5 C:\xampp\htdocs\pariwisata-lamongan\vendor\codeigniter4\framework\system\Commands\Server\rewrite.php(43): require_once('C:\\xampp\\htdocs...')
#6 {main}
CRITICAL - 2022-07-11 09:47:58 --> Trying to access array offset on value of type null
#0 C:\xampp\htdocs\pariwisata-lamongan\app\Controllers\Dashboard.php(183): CodeIgniter\Debug\Exceptions->errorHandler(8, 'Trying to acces...', 'C:\\xampp\\htdocs...', 183, Array)
#1 C:\xampp\htdocs\pariwisata-lamongan\vendor\codeigniter4\framework\system\CodeIgniter.php(832): App\Controllers\Dashboard->isi_komentar()
#2 C:\xampp\htdocs\pariwisata-lamongan\vendor\codeigniter4\framework\system\CodeIgniter.php(419): CodeIgniter\CodeIgniter->runController(Object(App\Controllers\Dashboard))
#3 C:\xampp\htdocs\pariwisata-lamongan\vendor\codeigniter4\framework\system\CodeIgniter.php(326): CodeIgniter\CodeIgniter->handleRequest(NULL, Object(Config\Cache), false)
#4 C:\xampp\htdocs\pariwisata-lamongan\public\index.php(37): CodeIgniter\CodeIgniter->run()
#5 C:\xampp\htdocs\pariwisata-lamongan\vendor\codeigniter4\framework\system\Commands\Server\rewrite.php(43): require_once('C:\\xampp\\htdocs...')
#6 {main}
CRITICAL - 2022-07-11 09:51:04 --> There is no data to insert.
#0 C:\xampp\htdocs\pariwisata-lamongan\vendor\codeigniter4\framework\system\BaseModel.php(718): CodeIgniter\Database\Exceptions\DataException::forEmptyDataset('insert')
#1 C:\xampp\htdocs\pariwisata-lamongan\vendor\codeigniter4\framework\system\Model.php(625): CodeIgniter\BaseModel->insert(Array, true)
#2 C:\xampp\htdocs\pariwisata-lamongan\app\Controllers\Dashboard.php(178): CodeIgniter\Model->insert(Array)
#3 C:\xampp\htdocs\pariwisata-lamongan\vendor\codeigniter4\framework\system\CodeIgniter.php(832): App\Controllers\Dashboard->isi_komentar()
#4 C:\xampp\htdocs\pariwisata-lamongan\vendor\codeigniter4\framework\system\CodeIgniter.php(419): CodeIgniter\CodeIgniter->runController(Object(App\Controllers\Dashboard))
#5 C:\xampp\htdocs\pariwisata-lamongan\vendor\codeigniter4\framework\system\CodeIgniter.php(326): CodeIgniter\CodeIgniter->handleRequest(NULL, Object(Config\Cache), false)
#6 C:\xampp\htdocs\pariwisata-lamongan\public\index.php(37): CodeIgniter\CodeIgniter->run()
#7 C:\xampp\htdocs\pariwisata-lamongan\vendor\codeigniter4\framework\system\Commands\Server\rewrite.php(43): require_once('C:\\xampp\\htdocs...')
#8 {main}
ERROR - 2022-07-11 09:51:53 --> Column 'id_user' cannot be null
CRITICAL - 2022-07-11 09:51:53 --> Column 'id_user' cannot be null
#0 C:\xampp\htdocs\pariwisata-lamongan\vendor\codeigniter4\framework\system\Database\MySQLi\Connection.php(292): mysqli->query('INSERT INTO `s1...', 0)
#1 C:\xampp\htdocs\pariwisata-lamongan\vendor\codeigniter4\framework\system\Database\BaseConnection.php(670): CodeIgniter\Database\MySQLi\Connection->execute('INSERT INTO `s1...')
#2 C:\xampp\htdocs\pariwisata-lamongan\vendor\codeigniter4\framework\system\Database\BaseConnection.php(598): CodeIgniter\Database\BaseConnection->simpleQuery('INSERT INTO `s1...')
#3 C:\xampp\htdocs\pariwisata-lamongan\vendor\codeigniter4\framework\system\Database\BaseBuilder.php(1771): CodeIgniter\Database\BaseConnection->query('INSERT INTO `s1...', Array, false)
#4 C:\xampp\htdocs\pariwisata-lamongan\vendor\codeigniter4\framework\system\Model.php(239): CodeIgniter\Database\BaseBuilder->insert()
#5 C:\xampp\htdocs\pariwisata-lamongan\vendor\codeigniter4\framework\system\BaseModel.php(738): CodeIgniter\Model->doInsert(Array)
#6 C:\xampp\htdocs\pariwisata-lamongan\vendor\codeigniter4\framework\system\Model.php(625): CodeIgniter\BaseModel->insert(Array, true)
#7 C:\xampp\htdocs\pariwisata-lamongan\app\Controllers\Dashboard.php(178): CodeIgniter\Model->insert(Array)
#8 C:\xampp\htdocs\pariwisata-lamongan\vendor\codeigniter4\framework\system\CodeIgniter.php(832): App\Controllers\Dashboard->isi_komentar()
#9 C:\xampp\htdocs\pariwisata-lamongan\vendor\codeigniter4\framework\system\CodeIgniter.php(419): CodeIgniter\CodeIgniter->runController(Object(App\Controllers\Dashboard))
#10 C:\xampp\htdocs\pariwisata-lamongan\vendor\codeigniter4\framework\system\CodeIgniter.php(326): CodeIgniter\CodeIgniter->handleRequest(NULL, Object(Config\Cache), false)
#11 C:\xampp\htdocs\pariwisata-lamongan\public\index.php(37): CodeIgniter\CodeIgniter->run()
#12 C:\xampp\htdocs\pariwisata-lamongan\vendor\codeigniter4\framework\system\Commands\Server\rewrite.php(43): require_once('C:\\xampp\\htdocs...')
#13 {main}
CRITICAL - 2022-07-11 10:27:29 --> Trying to get property 'nama' of non-object
#0 C:\xampp\htdocs\pariwisata-lamongan\app\Views\main\detail_destinasi.php(78): CodeIgniter\Debug\Exceptions->errorHandler(8, 'Trying to get p...', 'C:\\xampp\\htdocs...', 78, Array)
#1 C:\xampp\htdocs\pariwisata-lamongan\vendor\codeigniter4\framework\system\View\View.php(210): include('C:\\xampp\\htdocs...')
#2 C:\xampp\htdocs\pariwisata-lamongan\vendor\codeigniter4\framework\system\View\View.php(213): CodeIgniter\View\View->CodeIgniter\View\{closure}()
#3 C:\xampp\htdocs\pariwisata-lamongan\vendor\codeigniter4\framework\system\Common.php(1089): CodeIgniter\View\View->render('main/detail_des...', Array, true)
#4 C:\xampp\htdocs\pariwisata-lamongan\app\Controllers\Dashboard.php(103): view('main/detail_des...', Array)
#5 C:\xampp\htdocs\pariwisata-lamongan\vendor\codeigniter4\framework\system\CodeIgniter.php(832): App\Controllers\Dashboard->detail_destinasi('kebun-kopi-dua-...')
#6 C:\xampp\htdocs\pariwisata-lamongan\vendor\codeigniter4\framework\system\CodeIgniter.php(419): CodeIgniter\CodeIgniter->runController(Object(App\Controllers\Dashboard))
#7 C:\xampp\htdocs\pariwisata-lamongan\vendor\codeigniter4\framework\system\CodeIgniter.php(326): CodeIgniter\CodeIgniter->handleRequest(NULL, Object(Config\Cache), false)
#8 C:\xampp\htdocs\pariwisata-lamongan\public\index.php(37): CodeIgniter\CodeIgniter->run()
#9 C:\xampp\htdocs\pariwisata-lamongan\vendor\codeigniter4\framework\system\Commands\Server\rewrite.php(43): require_once('C:\\xampp\\htdocs...')
#10 {main}
CRITICAL - 2022-07-11 10:28:12 --> Undefined property: stdClass::$tanngal
#0 C:\xampp\htdocs\pariwisata-lamongan\app\Views\main\detail_destinasi.php(79): CodeIgniter\Debug\Exceptions->errorHandler(8, 'Undefined prope...', 'C:\\xampp\\htdocs...', 79, Array)
#1 C:\xampp\htdocs\pariwisata-lamongan\vendor\codeigniter4\framework\system\View\View.php(210): include('C:\\xampp\\htdocs...')
#2 C:\xampp\htdocs\pariwisata-lamongan\vendor\codeigniter4\framework\system\View\View.php(213): CodeIgniter\View\View->CodeIgniter\View\{closure}()
#3 C:\xampp\htdocs\pariwisata-lamongan\vendor\codeigniter4\framework\system\Common.php(1089): CodeIgniter\View\View->render('main/detail_des...', Array, true)
#4 C:\xampp\htdocs\pariwisata-lamongan\app\Controllers\Dashboard.php(103): view('main/detail_des...', Array)
#5 C:\xampp\htdocs\pariwisata-lamongan\vendor\codeigniter4\framework\system\CodeIgniter.php(832): App\Controllers\Dashboard->detail_destinasi('kebun-kopi-dua-...')
#6 C:\xampp\htdocs\pariwisata-lamongan\vendor\codeigniter4\framework\system\CodeIgniter.php(419): CodeIgniter\CodeIgniter->runController(Object(App\Controllers\Dashboard))
#7 C:\xampp\htdocs\pariwisata-lamongan\vendor\codeigniter4\framework\system\CodeIgniter.php(326): CodeIgniter\CodeIgniter->handleRequest(NULL, Object(Config\Cache), false)
#8 C:\xampp\htdocs\pariwisata-lamongan\public\index.php(37): CodeIgniter\CodeIgniter->run()
#9 C:\xampp\htdocs\pariwisata-lamongan\vendor\codeigniter4\framework\system\Commands\Server\rewrite.php(43): require_once('C:\\xampp\\htdocs...')
#10 {main}
CRITICAL - 2022-07-11 10:39:43 --> Return value of CodeIgniter\BaseModel::transformDataToArray() must be of the type array, string returned
#0 C:\xampp\htdocs\pariwisata-lamongan\vendor\codeigniter4\framework\system\BaseModel.php(704): CodeIgniter\BaseModel->transformDataToArray('4', 'insert')
#1 C:\xampp\htdocs\pariwisata-lamongan\vendor\codeigniter4\framework\system\Model.php(625): CodeIgniter\BaseModel->insert('4', true)
#2 C:\xampp\htdocs\pariwisata-lamongan\app\Controllers\Dashboard.php(194): CodeIgniter\Model->insert('4')
#3 C:\xampp\htdocs\pariwisata-lamongan\vendor\codeigniter4\framework\system\CodeIgniter.php(832): App\Controllers\Dashboard->hapus_komentar('4')
#4 C:\xampp\htdocs\pariwisata-lamongan\vendor\codeigniter4\framework\system\CodeIgniter.php(419): CodeIgniter\CodeIgniter->runController(Object(App\Controllers\Dashboard))
#5 C:\xampp\htdocs\pariwisata-lamongan\vendor\codeigniter4\framework\system\CodeIgniter.php(326): CodeIgniter\CodeIgniter->handleRequest(NULL, Object(Config\Cache), false)
#6 C:\xampp\htdocs\pariwisata-lamongan\public\index.php(37): CodeIgniter\CodeIgniter->run()
#7 C:\xampp\htdocs\pariwisata-lamongan\vendor\codeigniter4\framework\system\Commands\Server\rewrite.php(43): require_once('C:\\xampp\\htdocs...')
#8 {main}
CRITICAL - 2022-07-11 10:40:34 --> json_encode() expects parameter 2 to be int, array given
#0 [internal function]: CodeIgniter\Debug\Exceptions->errorHandler(2, 'json_encode() e...', 'C:\\xampp\\htdocs...', 194, Array)
#1 C:\xampp\htdocs\pariwisata-lamongan\app\Controllers\Dashboard.php(194): json_encode(Array, Array)
#2 C:\xampp\htdocs\pariwisata-lamongan\vendor\codeigniter4\framework\system\CodeIgniter.php(832): App\Controllers\Dashboard->hapus_komentar('4')
#3 C:\xampp\htdocs\pariwisata-lamongan\vendor\codeigniter4\framework\system\CodeIgniter.php(419): CodeIgniter\CodeIgniter->runController(Object(App\Controllers\Dashboard))
#4 C:\xampp\htdocs\pariwisata-lamongan\vendor\codeigniter4\framework\system\CodeIgniter.php(326): CodeIgniter\CodeIgniter->handleRequest(NULL, Object(Config\Cache), false)
#5 C:\xampp\htdocs\pariwisata-lamongan\public\index.php(37): CodeIgniter\CodeIgniter->run()
#6 C:\xampp\htdocs\pariwisata-lamongan\vendor\codeigniter4\framework\system\Commands\Server\rewrite.php(43): require_once('C:\\xampp\\htdocs...')
#7 {main}
CRITICAL - 2022-07-11 11:04:57 --> Trying to get property 'id_pariwisata' of non-object
#0 C:\xampp\htdocs\pariwisata-lamongan\app\Controllers\Dashboard.php(94): CodeIgniter\Debug\Exceptions->errorHandler(8, 'Trying to get p...', 'C:\\xampp\\htdocs...', 94, Array)
#1 C:\xampp\htdocs\pariwisata-lamongan\vendor\codeigniter4\framework\system\CodeIgniter.php(832): App\Controllers\Dashboard->detail_destinasi('52')
#2 C:\xampp\htdocs\pariwisata-lamongan\vendor\codeigniter4\framework\system\CodeIgniter.php(419): CodeIgniter\CodeIgniter->runController(Object(App\Controllers\Dashboard))
#3 C:\xampp\htdocs\pariwisata-lamongan\vendor\codeigniter4\framework\system\CodeIgniter.php(326): CodeIgniter\CodeIgniter->handleRequest(NULL, Object(Config\Cache), false)
#4 C:\xampp\htdocs\pariwisata-lamongan\public\index.php(37): CodeIgniter\CodeIgniter->run()
#5 C:\xampp\htdocs\pariwisata-lamongan\vendor\codeigniter4\framework\system\Commands\Server\rewrite.php(43): require_once('C:\\xampp\\htdocs...')
#6 {main}
